<?xml version="1.0" encoding="UTF-8"?>
<testng-results skipped="0" failed="0" total="1" passed="1">
  <reporter-output>
  </reporter-output>
  <suite name="Suite" duration-ms="35365" started-at="2020-08-01T06:34:34Z" finished-at="2020-08-01T06:35:10Z">
    <groups>
      <group name="cucumber">
        <method signature="AbstractTestNGCucumberTests.feature(cucumber.api.testng.CucumberFeatureWrapper)[pri:0, instance:cucumber.options.TestRunner@77e4c80f]" name="feature" class="cucumber.api.testng.AbstractTestNGCucumberTests"/>
      </group> <!-- cucumber -->
    </groups>
    <test name="Test" duration-ms="35365" started-at="2020-08-01T06:34:34Z" finished-at="2020-08-01T06:35:10Z">
      <class name="cucumber.options.TestRunner">
        <test-method status="PASS" signature="setUpClass()[pri:0, instance:cucumber.options.TestRunner@77e4c80f]" name="setUpClass" is-config="true" duration-ms="230" started-at="2020-08-01T12:04:34Z" finished-at="2020-08-01T12:04:35Z">
          <reporter-output>
          </reporter-output>
        </test-method> <!-- setUpClass -->
        <test-method status="PASS" signature="feature(cucumber.api.testng.CucumberFeatureWrapper)[pri:0, instance:cucumber.options.TestRunner@77e4c80f]" name="feature" duration-ms="35049" started-at="2020-08-01T12:04:35Z" description="Runs Cucumber Feature" data-provider="features" finished-at="2020-08-01T12:05:10Z">
          <params>
            <param index="0">
              <value>
                <![CDATA[User must able to submit comment at open cms page]]>
              </value>
            </param>
          </params>
          <reporter-output>
          </reporter-output>
        </test-method> <!-- feature -->
        <test-method status="PASS" signature="tearDownClass()[pri:0, instance:cucumber.options.TestRunner@77e4c80f]" name="tearDownClass" is-config="true" duration-ms="7" started-at="2020-08-01T12:05:10Z" finished-at="2020-08-01T12:05:10Z">
          <reporter-output>
          </reporter-output>
        </test-method> <!-- tearDownClass -->
      </class> <!-- cucumber.options.TestRunner -->
    </test> <!-- Test -->
  </suite> <!-- Suite -->
</testng-results>
