<?xml version="1.0" encoding="UTF-8"?>
<testng-results skipped="0" failed="0" total="1" passed="1">
  <reporter-output>
  </reporter-output>
  <suite name="Default suite" duration-ms="36840" started-at="2020-08-01T18:53:19Z" finished-at="2020-08-01T18:53:56Z">
    <groups>
      <group name="cucumber">
        <method signature="AbstractTestNGCucumberTests.feature(cucumber.api.testng.CucumberFeatureWrapper)[pri:0, instance:cucumber.options.TestRunner@1bce4f0a]" name="feature" class="cucumber.api.testng.AbstractTestNGCucumberTests"/>
      </group> <!-- cucumber -->
    </groups>
    <test name="Default test" duration-ms="36840" started-at="2020-08-01T18:53:19Z" finished-at="2020-08-01T18:53:56Z">
      <class name="cucumber.options.TestRunner">
        <test-method status="PASS" signature="setUpClass()[pri:0, instance:cucumber.options.TestRunner@1bce4f0a]" name="setUpClass" is-config="true" duration-ms="193" started-at="2020-08-02T00:23:19Z" finished-at="2020-08-02T00:23:19Z">
          <reporter-output>
          </reporter-output>
        </test-method> <!-- setUpClass -->
        <test-method status="PASS" signature="feature(cucumber.api.testng.CucumberFeatureWrapper)[pri:0, instance:cucumber.options.TestRunner@1bce4f0a]" name="feature" duration-ms="36559" started-at="2020-08-02T00:23:19Z" description="Runs Cucumber Feature" data-provider="features" finished-at="2020-08-02T00:23:56Z">
          <params>
            <param index="0">
              <value>
                <![CDATA[User must able to submit comment at open cms page]]>
              </value>
            </param>
          </params>
          <reporter-output>
          </reporter-output>
        </test-method> <!-- feature -->
        <test-method status="PASS" signature="tearDownClass()[pri:0, instance:cucumber.options.TestRunner@1bce4f0a]" name="tearDownClass" is-config="true" duration-ms="6" started-at="2020-08-02T00:23:56Z" finished-at="2020-08-02T00:23:56Z">
          <reporter-output>
          </reporter-output>
        </test-method> <!-- tearDownClass -->
      </class> <!-- cucumber.options.TestRunner -->
    </test> <!-- Default test -->
  </suite> <!-- Default suite -->
</testng-results>
