<?xml version="1.0" encoding="UTF-8"?>
<testng-results skipped="0" failed="0" total="1" passed="1">
  <reporter-output>
  </reporter-output>
  <suite name="Suite" duration-ms="22352" started-at="2020-08-01T15:34:55Z" finished-at="2020-08-01T15:35:18Z">
    <groups>
      <group name="cucumber">
        <method signature="AbstractTestNGCucumberTests.feature(cucumber.api.testng.CucumberFeatureWrapper)[pri:0, instance:cucumber.options.TestRunner@f2f2cc1]" name="feature" class="cucumber.api.testng.AbstractTestNGCucumberTests"/>
      </group> <!-- cucumber -->
    </groups>
    <test name="Test" duration-ms="22352" started-at="2020-08-01T15:34:55Z" finished-at="2020-08-01T15:35:18Z">
      <class name="cucumber.options.TestRunner">
        <test-method status="PASS" signature="setUpClass()[pri:0, instance:cucumber.options.TestRunner@f2f2cc1]" name="setUpClass" is-config="true" duration-ms="185" started-at="2020-08-01T21:04:55Z" finished-at="2020-08-01T21:04:56Z">
          <reporter-output>
          </reporter-output>
        </test-method> <!-- setUpClass -->
        <test-method status="PASS" signature="feature(cucumber.api.testng.CucumberFeatureWrapper)[pri:0, instance:cucumber.options.TestRunner@f2f2cc1]" name="feature" duration-ms="22093" started-at="2020-08-01T21:04:56Z" description="Runs Cucumber Feature" data-provider="features" finished-at="2020-08-01T21:05:18Z">
          <params>
            <param index="0">
              <value>
                <![CDATA[User must able to submit comment at open cms page]]>
              </value>
            </param>
          </params>
          <reporter-output>
          </reporter-output>
        </test-method> <!-- feature -->
        <test-method status="PASS" signature="tearDownClass()[pri:0, instance:cucumber.options.TestRunner@f2f2cc1]" name="tearDownClass" is-config="true" duration-ms="4" started-at="2020-08-01T21:05:18Z" finished-at="2020-08-01T21:05:18Z">
          <reporter-output>
          </reporter-output>
        </test-method> <!-- tearDownClass -->
      </class> <!-- cucumber.options.TestRunner -->
    </test> <!-- Test -->
  </suite> <!-- Suite -->
</testng-results>
